# JRE version: OpenJDK Runtime Environment (11.0.10) (build 11.0.10+0-b96-7249189)
# Java VM: OpenJDK 64-Bit Server VM (11.0.10+0-b96-7249189, mixed mode, tiered, compressed oops, g1 gc, windows-amd64)
Heap:
 garbage-first heap   total 359424K, used 219568K [0x0000000080000000, 0x0000000100000000)
  region size 1024K, 79 young (80896K), 9 survivors (9216K)
 Metaspace       used 95974K, capacity 98582K, committed 98892K, reserved 1134592K
  class space    used 12565K, capacity 13512K, committed 13644K, reserved 1048576K
GC Heap History (20 events):
Event: 51.704 GC heap before
{Heap before GC invocations=44 (full 0):
 garbage-first heap   total 124928K, used 116556K [0x0000000080000000, 0x0000000100000000)
  region size 1024K, 6 young (6144K), 1 survivors (1024K)
 Metaspace       used 92012K, capacity 94256K, committed 94412K, reserved 1130496K
  class space    used 12059K, capacity 12911K, committed 13004K, reserved 1048576K
}
Event: 51.710 GC heap after
{Heap after GC invocations=45 (full 0):
 garbage-first heap   total 124928K, used 114048K [0x0000000080000000, 0x0000000100000000)
  region size 1024K, 1 young (1024K), 1 survivors (1024K)
 Metaspace       used 92012K, capacity 94256K, committed 94412K, reserved 1130496K
  class space    used 12059K, capacity 12911K, committed 13004K, reserved 1048576K
}
Event: 51.730 GC heap before
{Heap before GC invocations=45 (full 0):
 garbage-first heap   total 124928K, used 119168K [0x0000000080000000, 0x0000000100000000)
  region size 1024K, 6 young (6144K), 1 survivors (1024K)
 Metaspace       used 92017K, capacity 94258K, committed 94412K, reserved 1130496K
  class space    used 12059K, capacity 12911K, committed 13004K, reserved 1048576K
}
Event: 51.735 GC heap after
{Heap after GC invocations=46 (full 0):
 garbage-first heap   total 124928K, used 116796K [0x0000000080000000, 0x0000000100000000)
  region size 1024K, 1 young (1024K), 1 survivors (1024K)
 Metaspace       used 92017K, capacity 94258K, committed 94412K, reserved 1130496K
  class space    used 12059K, capacity 12911K, committed 13004K, reserved 1048576K
}
Event: 51.750 GC heap before
{Heap before GC invocations=46 (full 0):
 garbage-first heap   total 124928K, used 121916K [0x0000000080000000, 0x0000000100000000)
  region size 1024K, 6 young (6144K), 1 survivors (1024K)
 Metaspace       used 92020K, capacity 94258K, committed 94412K, reserved 1130496K
  class space    used 12059K, capacity 12911K, committed 13004K, reserved 1048576K
}
Event: 51.754 GC heap after
{Heap after GC invocations=47 (full 0):
 garbage-first heap   total 125952K, used 119703K [0x0000000080000000, 0x0000000100000000)
  region size 1024K, 1 young (1024K), 1 survivors (1024K)
 Metaspace       used 92020K, capacity 94258K, committed 94412K, reserved 1130496K
  class space    used 12059K, capacity 12911K, committed 13004K, reserved 1048576K
}
Event: 51.769 GC heap before
{Heap before GC invocations=48 (full 0):
 garbage-first heap   total 125952K, used 123799K [0x0000000080000000, 0x0000000100000000)
  region size 1024K, 6 young (6144K), 1 survivors (1024K)
 Metaspace       used 92023K, capacity 94258K, committed 94412K, reserved 1130496K
  class space    used 12059K, capacity 12911K, committed 13004K, reserved 1048576K
}
Event: 51.774 GC heap after
{Heap after GC invocations=49 (full 0):
 garbage-first heap   total 129024K, used 122627K [0x0000000080000000, 0x0000000100000000)
  region size 1024K, 1 young (1024K), 1 survivors (1024K)
 Metaspace       used 92023K, capacity 94258K, committed 94412K, reserved 1130496K
  class space    used 12059K, capacity 12911K, committed 13004K, reserved 1048576K
}
Event: 51.787 GC heap before
{Heap before GC invocations=49 (full 0):
 garbage-first heap   total 129024K, used 127747K [0x0000000080000000, 0x0000000100000000)
  region size 1024K, 6 young (6144K), 1 survivors (1024K)
 Metaspace       used 92038K, capacity 94261K, committed 94412K, reserved 1130496K
  class space    used 12059K, capacity 12911K, committed 13004K, reserved 1048576K
}
Event: 51.794 GC heap after
{Heap after GC invocations=50 (full 0):
 garbage-first heap   total 198656K, used 125566K [0x0000000080000000, 0x0000000100000000)
  region size 1024K, 1 young (1024K), 1 survivors (1024K)
 Metaspace       used 92038K, capacity 94261K, committed 94412K, reserved 1130496K
  class space    used 12059K, capacity 12911K, committed 13004K, reserved 1048576K
}
Event: 52.656 GC heap before
{Heap before GC invocations=51 (full 0):
 garbage-first heap   total 198656K, used 142974K [0x0000000080000000, 0x0000000100000000)
  region size 1024K, 18 young (18432K), 1 survivors (1024K)
 Metaspace       used 93672K, capacity 95938K, committed 96204K, reserved 1132544K
  class space    used 12274K, capacity 13107K, committed 13260K, reserved 1048576K
}
Event: 52.665 GC heap after
{Heap after GC invocations=52 (full 0):
 garbage-first heap   total 198656K, used 131718K [0x0000000080000000, 0x0000000100000000)
  region size 1024K, 3 young (3072K), 3 survivors (3072K)
 Metaspace       used 93672K, capacity 95938K, committed 96204K, reserved 1132544K
  class space    used 12274K, capacity 13107K, committed 13260K, reserved 1048576K
}
Event: 52.835 GC heap before
{Heap before GC invocations=52 (full 0):
 garbage-first heap   total 198656K, used 148102K [0x0000000080000000, 0x0000000100000000)
  region size 1024K, 19 young (19456K), 3 survivors (3072K)
 Metaspace       used 94202K, capacity 96556K, committed 96716K, reserved 1132544K
  class space    used 12366K, capacity 13247K, committed 13260K, reserved 1048576K
}
Event: 52.846 GC heap after
{Heap after GC invocations=53 (full 0):
 garbage-first heap   total 198656K, used 134668K [0x0000000080000000, 0x0000000100000000)
  region size 1024K, 3 young (3072K), 3 survivors (3072K)
 Metaspace       used 94202K, capacity 96556K, committed 96716K, reserved 1132544K
  class space    used 12366K, capacity 13247K, committed 13260K, reserved 1048576K
}
Event: 53.123 GC heap before
{Heap before GC invocations=54 (full 0):
 garbage-first heap   total 198656K, used 145932K [0x0000000080000000, 0x0000000100000000)
  region size 1024K, 19 young (19456K), 3 survivors (3072K)
 Metaspace       used 94669K, capacity 97044K, committed 97356K, reserved 1132544K
  class space    used 12425K, capacity 13319K, committed 13388K, reserved 1048576K
}
Event: 53.130 GC heap after
{Heap after GC invocations=55 (full 0):
 garbage-first heap   total 198656K, used 131296K [0x0000000080000000, 0x0000000100000000)
  region size 1024K, 2 young (2048K), 2 survivors (2048K)
 Metaspace       used 94669K, capacity 97044K, committed 97356K, reserved 1132544K
  class space    used 12425K, capacity 13319K, committed 13388K, reserved 1048576K
}
Event: 53.197 GC heap before
{Heap before GC invocations=55 (full 0):
 garbage-first heap   total 198656K, used 137440K [0x0000000080000000, 0x0000000100000000)
  region size 1024K, 9 young (9216K), 2 survivors (2048K)
 Metaspace       used 94720K, capacity 97117K, committed 97356K, reserved 1132544K
  class space    used 12425K, capacity 13319K, committed 13388K, reserved 1048576K
}
Event: 53.215 GC heap after
{Heap after GC invocations=56 (full 0):
 garbage-first heap   total 359424K, used 127840K [0x0000000080000000, 0x0000000100000000)
  region size 1024K, 2 young (2048K), 2 survivors (2048K)
 Metaspace       used 94720K, capacity 97117K, committed 97356K, reserved 1132544K
  class space    used 12425K, capacity 13319K, committed 13388K, reserved 1048576K
}
Event: 54.089 GC heap before
{Heap before GC invocations=56 (full 0):
 garbage-first heap   total 359424K, used 202592K [0x0000000080000000, 0x0000000100000000)
  region size 1024K, 70 young (71680K), 2 survivors (2048K)
 Metaspace       used 95292K, capacity 97785K, committed 97996K, reserved 1134592K
  class space    used 12488K, capacity 13429K, committed 13516K, reserved 1048576K
}
Event: 54.101 GC heap after
{Heap after GC invocations=57 (full 0):
 garbage-first heap   total 359424K, used 141744K [0x0000000080000000, 0x0000000100000000)
  region size 1024K, 9 young (9216K), 9 survivors (9216K)
 Metaspace       used 95292K, capacity 97785K, committed 97996K, reserved 1134592K
  class space    used 12488K, capacity 13429K, committed 13516K, reserved 1048576K
}

