# JRE version: OpenJDK Runtime Environment (11.0.10) (build 11.0.10+0-b96-7249189)
# Java VM: OpenJDK 64-Bit Server VM (11.0.10+0-b96-7249189, mixed mode, tiered, compressed oops, g1 gc, windows-amd64)
Heap:
 garbage-first heap   total 497664K, used 192687K [0x0000000080000000, 0x0000000100000000)
  region size 1024K, 37 young (37888K), 3 survivors (3072K)
 Metaspace       used 112114K, capacity 115731K, committed 115840K, reserved 1148928K
  class space    used 14276K, capacity 15661K, committed 15744K, reserved 1048576K
GC Heap History (20 events):
Event: 191.142 GC heap before
{Heap before GC invocations=69 (full 0):
 garbage-first heap   total 248832K, used 163667K [0x0000000080000000, 0x0000000100000000)
  region size 1024K, 32 young (32768K), 1 survivors (1024K)
 Metaspace       used 103904K, capacity 106612K, committed 106752K, reserved 1142784K
  class space    used 13291K, capacity 14264K, committed 14336K, reserved 1048576K
}
Event: 191.152 GC heap after
{Heap after GC invocations=70 (full 0):
 garbage-first heap   total 248832K, used 138433K [0x0000000080000000, 0x0000000100000000)
  region size 1024K, 4 young (4096K), 4 survivors (4096K)
 Metaspace       used 103904K, capacity 106612K, committed 106752K, reserved 1142784K
  class space    used 13291K, capacity 14264K, committed 14336K, reserved 1048576K
}
Event: 191.568 GC heap before
{Heap before GC invocations=70 (full 0):
 garbage-first heap   total 248832K, used 171201K [0x0000000080000000, 0x0000000100000000)
  region size 1024K, 36 young (36864K), 4 survivors (4096K)
 Metaspace       used 104444K, capacity 107173K, committed 107264K, reserved 1142784K
  class space    used 13351K, capacity 14336K, committed 14336K, reserved 1048576K
}
Event: 191.584 GC heap after
{Heap after GC invocations=71 (full 0):
 garbage-first heap   total 248832K, used 142398K [0x0000000080000000, 0x0000000100000000)
  region size 1024K, 4 young (4096K), 4 survivors (4096K)
 Metaspace       used 104444K, capacity 107173K, committed 107264K, reserved 1142784K
  class space    used 13351K, capacity 14336K, committed 14336K, reserved 1048576K
}
Event: 192.312 GC heap before
{Heap before GC invocations=72 (full 0):
 garbage-first heap   total 248832K, used 173118K [0x0000000080000000, 0x0000000100000000)
  region size 1024K, 37 young (37888K), 4 survivors (4096K)
 Metaspace       used 104654K, capacity 107337K, committed 107648K, reserved 1142784K
  class space    used 13365K, capacity 14361K, committed 14464K, reserved 1048576K
}
Event: 192.324 GC heap after
{Heap after GC invocations=73 (full 0):
 garbage-first heap   total 248832K, used 142320K [0x0000000080000000, 0x0000000100000000)
  region size 1024K, 4 young (4096K), 4 survivors (4096K)
 Metaspace       used 104654K, capacity 107337K, committed 107648K, reserved 1142784K
  class space    used 13365K, capacity 14361K, committed 14464K, reserved 1048576K
}
Event: 192.478 GC heap before
{Heap before GC invocations=73 (full 0):
 garbage-first heap   total 248832K, used 150512K [0x0000000080000000, 0x0000000100000000)
  region size 1024K, 12 young (12288K), 4 survivors (4096K)
 Metaspace       used 104807K, capacity 107500K, committed 107648K, reserved 1142784K
  class space    used 13379K, capacity 14373K, committed 14464K, reserved 1048576K
}
Event: 192.501 GC heap after
{Heap after GC invocations=74 (full 0):
 garbage-first heap   total 497664K, used 140480K [0x0000000080000000, 0x0000000100000000)
  region size 1024K, 2 young (2048K), 2 survivors (2048K)
 Metaspace       used 104807K, capacity 107500K, committed 107648K, reserved 1142784K
  class space    used 13379K, capacity 14373K, committed 14464K, reserved 1048576K
}
Event: 198.652 GC heap before
{Heap before GC invocations=74 (full 0):
 garbage-first heap   total 497664K, used 267456K [0x0000000080000000, 0x0000000100000000)
  region size 1024K, 118 young (120832K), 2 survivors (2048K)
 Metaspace       used 105444K, capacity 108238K, committed 108416K, reserved 1142784K
  class space    used 13433K, capacity 14456K, committed 14464K, reserved 1048576K
}
Event: 198.666 GC heap after
{Heap after GC invocations=75 (full 0):
 garbage-first heap   total 497664K, used 147922K [0x0000000080000000, 0x0000000100000000)
  region size 1024K, 9 young (9216K), 9 survivors (9216K)
 Metaspace       used 105444K, capacity 108238K, committed 108416K, reserved 1142784K
  class space    used 13433K, capacity 14456K, committed 14464K, reserved 1048576K
}
Event: 199.700 GC heap before
{Heap before GC invocations=75 (full 0):
 garbage-first heap   total 497664K, used 177618K [0x0000000080000000, 0x0000000100000000)
  region size 1024K, 37 young (37888K), 9 survivors (9216K)
 Metaspace       used 106674K, capacity 109567K, committed 109696K, reserved 1144832K
  class space    used 13572K, capacity 14613K, committed 14720K, reserved 1048576K
}
Event: 199.713 GC heap after
{Heap after GC invocations=76 (full 0):
 garbage-first heap   total 497664K, used 155268K [0x0000000080000000, 0x0000000100000000)
  region size 1024K, 5 young (5120K), 5 survivors (5120K)
 Metaspace       used 106674K, capacity 109567K, committed 109696K, reserved 1144832K
  class space    used 13572K, capacity 14613K, committed 14720K, reserved 1048576K
}
Event: 200.063 GC heap before
{Heap before GC invocations=76 (full 0):
 garbage-first heap   total 497664K, used 189060K [0x0000000080000000, 0x0000000100000000)
  region size 1024K, 39 young (39936K), 5 survivors (5120K)
 Metaspace       used 109895K, capacity 113366K, committed 113664K, reserved 1146880K
  class space    used 14206K, capacity 15534K, committed 15616K, reserved 1048576K
}
Event: 200.073 GC heap after
{Heap after GC invocations=77 (full 0):
 garbage-first heap   total 497664K, used 160797K [0x0000000080000000, 0x0000000100000000)
  region size 1024K, 5 young (5120K), 5 survivors (5120K)
 Metaspace       used 109895K, capacity 113366K, committed 113664K, reserved 1146880K
  class space    used 14206K, capacity 15534K, committed 15616K, reserved 1048576K
}
Event: 201.028 GC heap before
{Heap before GC invocations=77 (full 0):
 garbage-first heap   total 497664K, used 203805K [0x0000000080000000, 0x0000000100000000)
  region size 1024K, 47 young (48128K), 5 survivors (5120K)
 Metaspace       used 110617K, capacity 114041K, committed 114176K, reserved 1148928K
  class space    used 14211K, capacity 15535K, committed 15616K, reserved 1048576K
}
Event: 201.035 GC heap after
{Heap after GC invocations=78 (full 0):
 garbage-first heap   total 497664K, used 161563K [0x0000000080000000, 0x0000000100000000)
  region size 1024K, 4 young (4096K), 4 survivors (4096K)
 Metaspace       used 110617K, capacity 114041K, committed 114176K, reserved 1148928K
  class space    used 14211K, capacity 15535K, committed 15616K, reserved 1048576K
}
Event: 227.189 GC heap before
{Heap before GC invocations=78 (full 0):
 garbage-first heap   total 497664K, used 250651K [0x0000000080000000, 0x0000000100000000)
  region size 1024K, 65 young (66560K), 4 survivors (4096K)
 Metaspace       used 111246K, capacity 114699K, committed 114944K, reserved 1148928K
  class space    used 14240K, capacity 15564K, committed 15616K, reserved 1048576K
}
Event: 227.194 GC heap after
{Heap after GC invocations=79 (full 0):
 garbage-first heap   total 497664K, used 162052K [0x0000000080000000, 0x0000000100000000)
  region size 1024K, 5 young (5120K), 5 survivors (5120K)
 Metaspace       used 111246K, capacity 114699K, committed 114944K, reserved 1148928K
  class space    used 14240K, capacity 15564K, committed 15616K, reserved 1048576K
}
Event: 256.519 GC heap before
{Heap before GC invocations=79 (full 0):
 garbage-first heap   total 497664K, used 239876K [0x0000000080000000, 0x0000000100000000)
  region size 1024K, 82 young (83968K), 5 survivors (5120K)
 Metaspace       used 111915K, capacity 115513K, committed 115840K, reserved 1148928K
  class space    used 14273K, capacity 15657K, committed 15744K, reserved 1048576K
}
Event: 256.523 GC heap after
{Heap after GC invocations=80 (full 0):
 garbage-first heap   total 497664K, used 159919K [0x0000000080000000, 0x0000000100000000)
  region size 1024K, 3 young (3072K), 3 survivors (3072K)
 Metaspace       used 111915K, capacity 115513K, committed 115840K, reserved 1148928K
  class space    used 14273K, capacity 15657K, committed 15744K, reserved 1048576K
}

