# JRE version: OpenJDK Runtime Environment (11.0.10) (build 11.0.10+0-b96-7249189)
# Java VM: OpenJDK 64-Bit Server VM (11.0.10+0-b96-7249189, mixed mode, tiered, compressed oops, g1 gc, windows-amd64)
Heap:
 garbage-first heap   total 408576K, used 119999K [0x0000000080000000, 0x0000000100000000)
  region size 1024K, 12 young (12288K), 6 survivors (6144K)
 Metaspace       used 127661K, capacity 131491K, committed 133120K, reserved 1165312K
  class space    used 15596K, capacity 17007K, committed 17664K, reserved 1048576K
GC Heap History (20 events):
Event: 1370.554 GC heap before
{Heap before GC invocations=85 (full 0):
 garbage-first heap   total 408576K, used 325286K [0x0000000080000000, 0x0000000100000000)
  region size 1024K, 71 young (72704K), 4 survivors (4096K)
 Metaspace       used 126323K, capacity 130095K, committed 131840K, reserved 1163264K
  class space    used 15554K, capacity 16945K, committed 17664K, reserved 1048576K
}
Event: 1370.584 GC heap after
{Heap after GC invocations=86 (full 0):
 garbage-first heap   total 408576K, used 264157K [0x0000000080000000, 0x0000000100000000)
  region size 1024K, 9 young (9216K), 9 survivors (9216K)
 Metaspace       used 126323K, capacity 130095K, committed 131840K, reserved 1163264K
  class space    used 15554K, capacity 16945K, committed 17664K, reserved 1048576K
}
Event: 1370.651 GC heap before
{Heap before GC invocations=86 (full 0):
 garbage-first heap   total 408576K, used 274397K [0x0000000080000000, 0x0000000100000000)
  region size 1024K, 19 young (19456K), 9 survivors (9216K)
 Metaspace       used 126328K, capacity 130095K, committed 131840K, reserved 1163264K
  class space    used 15554K, capacity 16945K, committed 17664K, reserved 1048576K
}
Event: 1370.671 GC heap after
{Heap after GC invocations=87 (full 0):
 garbage-first heap   total 408576K, used 226232K [0x0000000080000000, 0x0000000100000000)
  region size 1024K, 3 young (3072K), 3 survivors (3072K)
 Metaspace       used 126328K, capacity 130095K, committed 131840K, reserved 1163264K
  class space    used 15554K, capacity 16945K, committed 17664K, reserved 1048576K
}
Event: 1370.833 GC heap before
{Heap before GC invocations=87 (full 0):
 garbage-first heap   total 408576K, used 244664K [0x0000000080000000, 0x0000000100000000)
  region size 1024K, 19 young (19456K), 3 survivors (3072K)
 Metaspace       used 126328K, capacity 130095K, committed 131840K, reserved 1163264K
  class space    used 15554K, capacity 16945K, committed 17664K, reserved 1048576K
}
Event: 1370.855 GC heap after
{Heap after GC invocations=88 (full 0):
 garbage-first heap   total 408576K, used 193042K [0x0000000080000000, 0x0000000100000000)
  region size 1024K, 3 young (3072K), 3 survivors (3072K)
 Metaspace       used 126328K, capacity 130095K, committed 131840K, reserved 1163264K
  class space    used 15554K, capacity 16945K, committed 17664K, reserved 1048576K
}
Event: 1370.923 GC heap before
{Heap before GC invocations=88 (full 0):
 garbage-first heap   total 408576K, used 209426K [0x0000000080000000, 0x0000000100000000)
  region size 1024K, 19 young (19456K), 3 survivors (3072K)
 Metaspace       used 126330K, capacity 130096K, committed 131840K, reserved 1163264K
  class space    used 15554K, capacity 16945K, committed 17664K, reserved 1048576K
}
Event: 1370.935 GC heap after
{Heap after GC invocations=89 (full 0):
 garbage-first heap   total 408576K, used 188113K [0x0000000080000000, 0x0000000100000000)
  region size 1024K, 1 young (1024K), 1 survivors (1024K)
 Metaspace       used 126330K, capacity 130096K, committed 131840K, reserved 1163264K
  class space    used 15554K, capacity 16945K, committed 17664K, reserved 1048576K
}
Event: 1370.977 GC heap before
{Heap before GC invocations=89 (full 0):
 garbage-first heap   total 408576K, used 195281K [0x0000000080000000, 0x0000000100000000)
  region size 1024K, 10 young (10240K), 1 survivors (1024K)
 Metaspace       used 126332K, capacity 130096K, committed 131840K, reserved 1163264K
  class space    used 15554K, capacity 16945K, committed 17664K, reserved 1048576K
}
Event: 1370.985 GC heap after
{Heap after GC invocations=90 (full 0):
 garbage-first heap   total 408576K, used 192281K [0x0000000080000000, 0x0000000100000000)
  region size 1024K, 5 young (5120K), 5 survivors (5120K)
 Metaspace       used 126332K, capacity 130096K, committed 131840K, reserved 1163264K
  class space    used 15554K, capacity 16945K, committed 17664K, reserved 1048576K
}
Event: 1378.818 GC heap before
{Heap before GC invocations=91 (full 0):
 garbage-first heap   total 408576K, used 274201K [0x0000000080000000, 0x0000000100000000)
  region size 1024K, 118 young (120832K), 5 survivors (5120K)
 Metaspace       used 126656K, capacity 130428K, committed 132096K, reserved 1163264K
  class space    used 15557K, capacity 16946K, committed 17664K, reserved 1048576K
}
Event: 1378.841 GC heap after
{Heap after GC invocations=92 (full 0):
 garbage-first heap   total 408576K, used 147081K [0x0000000080000000, 0x0000000100000000)
  region size 1024K, 8 young (8192K), 8 survivors (8192K)
 Metaspace       used 126656K, capacity 130428K, committed 132096K, reserved 1163264K
  class space    used 15557K, capacity 16946K, committed 17664K, reserved 1048576K
}
Event: 1380.113 GC heap before
{Heap before GC invocations=92 (full 0):
 garbage-first heap   total 408576K, used 158345K [0x0000000080000000, 0x0000000100000000)
  region size 1024K, 19 young (19456K), 8 survivors (8192K)
 Metaspace       used 126692K, capacity 130431K, committed 132096K, reserved 1163264K
  class space    used 15559K, capacity 16947K, committed 17664K, reserved 1048576K
}
Event: 1380.131 GC heap after
{Heap after GC invocations=93 (full 0):
 garbage-first heap   total 408576K, used 123912K [0x0000000080000000, 0x0000000100000000)
  region size 1024K, 3 young (3072K), 3 survivors (3072K)
 Metaspace       used 126692K, capacity 130431K, committed 132096K, reserved 1163264K
  class space    used 15559K, capacity 16947K, committed 17664K, reserved 1048576K
}
Event: 1380.543 GC heap before
{Heap before GC invocations=93 (full 0):
 garbage-first heap   total 408576K, used 141320K [0x0000000080000000, 0x0000000100000000)
  region size 1024K, 21 young (21504K), 3 survivors (3072K)
 Metaspace       used 126987K, capacity 130698K, committed 132352K, reserved 1163264K
  class space    used 15563K, capacity 16948K, committed 17664K, reserved 1048576K
}
Event: 1380.551 GC heap after
{Heap after GC invocations=94 (full 0):
 garbage-first heap   total 408576K, used 125656K [0x0000000080000000, 0x0000000100000000)
  region size 1024K, 5 young (5120K), 5 survivors (5120K)
 Metaspace       used 126987K, capacity 130698K, committed 132352K, reserved 1163264K
  class space    used 15563K, capacity 16948K, committed 17664K, reserved 1048576K
}
Event: 1381.619 GC heap before
{Heap before GC invocations=95 (full 0):
 garbage-first heap   total 408576K, used 229080K [0x0000000080000000, 0x0000000100000000)
  region size 1024K, 111 young (113664K), 5 survivors (5120K)
 Metaspace       used 127234K, capacity 131033K, committed 132864K, reserved 1165312K
  class space    used 15564K, capacity 16950K, committed 17664K, reserved 1048576K
}
Event: 1381.625 GC heap after
{Heap after GC invocations=96 (full 0):
 garbage-first heap   total 408576K, used 117567K [0x0000000080000000, 0x0000000100000000)
  region size 1024K, 5 young (5120K), 5 survivors (5120K)
 Metaspace       used 127234K, capacity 131033K, committed 132864K, reserved 1165312K
  class space    used 15564K, capacity 16950K, committed 17664K, reserved 1048576K
}
Event: 1406.944 GC heap before
{Heap before GC invocations=96 (full 0):
 garbage-first heap   total 408576K, used 158527K [0x0000000080000000, 0x0000000100000000)
  region size 1024K, 19 young (19456K), 5 survivors (5120K)
 Metaspace       used 127282K, capacity 131033K, committed 132864K, reserved 1165312K
  class space    used 15564K, capacity 16950K, committed 17664K, reserved 1048576K
}
Event: 1406.963 GC heap after
{Heap after GC invocations=97 (full 0):
 garbage-first heap   total 408576K, used 108610K [0x0000000080000000, 0x0000000100000000)
  region size 1024K, 2 young (2048K), 2 survivors (2048K)
 Metaspace       used 127282K, capacity 131033K, committed 132864K, reserved 1165312K
  class space    used 15564K, capacity 16950K, committed 17664K, reserved 1048576K
}

